<?xml version="1.0" encoding="UTF-8"?>
<!-- Generated by org.testng.reporters.JUnitXMLReporter -->
<testsuite ignored="0" hostname="Nefaur" failures="1" tests="1" name="Default test(failed)" time="9.666" errors="0" timestamp="01 Nov 2018 22:43:38 GMT">
  <testcase classname="com.heatclinic.testngtests.LoginTests" name="validLogin" time="0.009">
    <failure type="java.lang.NullPointerException">
      <![CDATA[java.lang.NullPointerException
at com.heatclinic.pages.HomePage.goToHomepage(HomePage.java:42)
at com.heatclinic.testngtests.LoginTests.validLogin(LoginTests.java:22)
... Removed 25 stack frames]]>
    </failure>
  </testcase> <!-- validLogin -->
</testsuite> <!-- Default test(failed) -->
