<?xml version="1.0" encoding="UTF-8"?>
<testsuite xmlns:xsi="http://www.w3.org/2001/XMLSchema-instance" xsi:noNamespaceSchemaLocation="https://maven.apache.org/surefire/maven-surefire-plugin/xsd/surefire-test-report.xsd" name="com.heatclinic.bddrunner.TestRunner" time="37.185" tests="7" errors="7" skipped="0" failures="0">
  <properties>
[...]
</properties>
  <testcase name="Testing the login functionality for invalid users" classname="Invalid login function of www.heatclinic.com" time="6.362">
    <error type="java.lang.NullPointerException">java.lang.NullPointerException
</error>
    <system-out><![CDATA[Starting browser: 
Opening website.
]]></system-out>
    <system-err><![CDATA[SLF4J: Failed to load class "org.slf4j.impl.StaticLoggerBinder".
SLF4J: Defaulting to no-operation (NOP) logger implementation
SLF4J: See http://www.slf4j.org/codes.html#StaticLoggerBinder for further details.
log4j:WARN No appenders could be found for logger (org.apache.http.client.protocol.RequestAddCookies).
log4j:WARN Please initialize the log4j system properly.
Starting ChromeDriver 70.0.3538.16 (16ed95b41bb05e565b11fb66ac33c660b721f778) on port 38031
Only local connections are allowed.
Oct 11, 2018 7:41:43 PM org.openqa.selenium.remote.ProtocolHandshake createSession
INFO: Detected dialect: OSS
]]></system-err>
  </testcase>
  <testcase name="Testing the login functionality for invalid users" classname="Invalid login function of www.heatclinic.com" time="4.895">
    <error type="java.lang.NullPointerException">java.lang.NullPointerException
</error>
    <system-out><![CDATA[Starting browser: 
Opening website.
]]></system-out>
    <system-err><![CDATA[Starting ChromeDriver 70.0.3538.16 (16ed95b41bb05e565b11fb66ac33c660b721f778) on port 19023
Only local connections are allowed.
Oct 11, 2018 7:41:48 PM org.openqa.selenium.remote.ProtocolHandshake createSession
INFO: Detected dialect: OSS
]]></system-err>
  </testcase>
  <testcase name="Testing the login functionality for invalid users" classname="Invalid login function of www.heatclinic.com" time="4.884">
    <error type="java.lang.NullPointerException">java.lang.NullPointerException
</error>
    <system-out><![CDATA[Starting browser: 
Opening website.
]]></system-out>
    <system-err><![CDATA[Starting ChromeDriver 70.0.3538.16 (16ed95b41bb05e565b11fb66ac33c660b721f778) on port 39029
Only local connections are allowed.
Oct 11, 2018 7:41:53 PM org.openqa.selenium.remote.ProtocolHandshake createSession
INFO: Detected dialect: OSS
]]></system-err>
  </testcase>
  <testcase name="Testing the login functionality for invalid users" classname="Invalid login function of www.heatclinic.com" time="5.027">
    <error type="java.lang.NullPointerException">java.lang.NullPointerException
</error>
    <system-out><![CDATA[Starting browser: 
Opening website.
]]></system-out>
    <system-err><![CDATA[Starting ChromeDriver 70.0.3538.16 (16ed95b41bb05e565b11fb66ac33c660b721f778) on port 31014
Only local connections are allowed.
Oct 11, 2018 7:41:58 PM org.openqa.selenium.remote.ProtocolHandshake createSession
INFO: Detected dialect: OSS
]]></system-err>
  </testcase>
  <testcase name="Testing the search functionality for valid users" classname="Search function of www.heatclinic.com" time="4.877">
    <error type="java.lang.NullPointerException">java.lang.NullPointerException
</error>
    <system-out><![CDATA[Starting browser: 
Opening website.
]]></system-out>
    <system-err><![CDATA[Starting ChromeDriver 70.0.3538.16 (16ed95b41bb05e565b11fb66ac33c660b721f778) on port 17094
Only local connections are allowed.
Oct 11, 2018 7:42:03 PM org.openqa.selenium.remote.ProtocolHandshake createSession
INFO: Detected dialect: OSS
]]></system-err>
  </testcase>
  <testcase name="User enters valids username and password to enter authorized login homepage" classname="Login function test of www.heatclinic.com" time="5.108">
    <error type="java.lang.NullPointerException">java.lang.NullPointerException
</error>
    <system-out><![CDATA[Starting browser: 
Opening website.
]]></system-out>
    <system-err><![CDATA[Starting ChromeDriver 70.0.3538.16 (16ed95b41bb05e565b11fb66ac33c660b721f778) on port 46677
Only local connections are allowed.
Oct 11, 2018 7:42:08 PM org.openqa.selenium.remote.ProtocolHandshake createSession
INFO: Detected dialect: OSS
]]></system-err>
  </testcase>
  <testcase name="Testing the checkout page functionality for valid users" classname="Checkout page function of www.heatclinic.com" time="5.01">
    <error type="java.lang.NullPointerException">java.lang.NullPointerException
</error>
    <system-out><![CDATA[Starting browser: 
Opening website.
]]></system-out>
    <system-err><![CDATA[Starting ChromeDriver 70.0.3538.16 (16ed95b41bb05e565b11fb66ac33c660b721f778) on port 42189
Only local connections are allowed.
Oct 11, 2018 7:42:13 PM org.openqa.selenium.remote.ProtocolHandshake createSession
INFO: Detected dialect: OSS
]]></system-err>
  </testcase>
</testsuite>