<?xml version="1.0" encoding="UTF-8"?>
<testng-results ignored="0" total="2" passed="2" failed="0" skipped="0">
  <reporter-output>
  </reporter-output>
  <suite started-at="2018-11-02T15:34:06Z" name="Suite" finished-at="2018-11-02T15:36:12Z" duration-ms="126327">
    <groups>
    </groups>
    <test started-at="2018-11-02T15:34:06Z" name="Chrome Browser Test" finished-at="2018-11-02T15:35:11Z" duration-ms="64904">
      <class name="com.heatclinic.testngtests.LoginTests">
        <test-method is-config="true" signature="BeforeClass()[pri:0, instance:com.heatclinic.testngtests.LoginTests@f1da57d]" started-at="2018-11-02T15:34:06Z" name="BeforeClass" finished-at="2018-11-02T15:34:06Z" duration-ms="12" status="PASS">
          <reporter-output>
          </reporter-output>
        </test-method> <!-- BeforeClass -->
        <test-method is-config="true" signature="setUp(java.lang.String)[pri:0, instance:com.heatclinic.testngtests.LoginTests@f1da57d]" started-at="2018-11-02T15:34:06Z" name="setUp" finished-at="2018-11-02T15:34:13Z" duration-ms="6767" status="PASS">
          <params>
            <param index="0">
              <value>
                <![CDATA[ch-grid]]>
              </value>
            </param>
          </params>
          <reporter-output>
          </reporter-output>
        </test-method> <!-- setUp -->
        <test-method signature="validLogin()[pri:0, instance:com.heatclinic.testngtests.LoginTests@f1da57d]" started-at="2018-11-02T15:34:13Z" name="validLogin" finished-at="2018-11-02T15:35:10Z" duration-ms="57594" status="PASS">
          <reporter-output>
          </reporter-output>
        </test-method> <!-- validLogin -->
        <test-method is-config="true" signature="tearDown()[pri:0, instance:com.heatclinic.testngtests.LoginTests@f1da57d]" started-at="2018-11-02T15:35:10Z" name="tearDown" finished-at="2018-11-02T15:35:11Z" duration-ms="497" status="PASS">
          <reporter-output>
          </reporter-output>
        </test-method> <!-- tearDown -->
        <test-method is-config="true" signature="afterClass()[pri:0, instance:com.heatclinic.testngtests.LoginTests@f1da57d]" started-at="2018-11-02T15:35:11Z" name="afterClass" finished-at="2018-11-02T15:35:11Z" duration-ms="0" status="PASS">
          <reporter-output>
          </reporter-output>
        </test-method> <!-- afterClass -->
      </class> <!-- com.heatclinic.testngtests.LoginTests -->
    </test> <!-- Chrome Browser Test -->
    <test started-at="2018-11-02T15:35:11Z" name="Firefox Browser Test" finished-at="2018-11-02T15:36:12Z" duration-ms="61302">
      <class name="com.heatclinic.testngtests.LoginTests">
        <test-method is-config="true" signature="BeforeClass()[pri:0, instance:com.heatclinic.testngtests.LoginTests@23f5b5dc]" started-at="2018-11-02T15:35:11Z" name="BeforeClass" finished-at="2018-11-02T15:35:11Z" duration-ms="0" status="PASS">
          <reporter-output>
          </reporter-output>
        </test-method> <!-- BeforeClass -->
        <test-method is-config="true" signature="setUp(java.lang.String)[pri:0, instance:com.heatclinic.testngtests.LoginTests@23f5b5dc]" started-at="2018-11-02T15:35:11Z" name="setUp" finished-at="2018-11-02T15:35:20Z" duration-ms="8526" status="PASS">
          <params>
            <param index="0">
              <value>
                <![CDATA[ff-grid]]>
              </value>
            </param>
          </params>
          <reporter-output>
          </reporter-output>
        </test-method> <!-- setUp -->
        <test-method signature="validLogin()[pri:0, instance:com.heatclinic.testngtests.LoginTests@23f5b5dc]" started-at="2018-11-02T15:35:20Z" name="validLogin" finished-at="2018-11-02T15:36:10Z" duration-ms="50543" status="PASS">
          <reporter-output>
          </reporter-output>
        </test-method> <!-- validLogin -->
        <test-method is-config="true" signature="tearDown()[pri:0, instance:com.heatclinic.testngtests.LoginTests@23f5b5dc]" started-at="2018-11-02T15:36:10Z" name="tearDown" finished-at="2018-11-02T15:36:12Z" duration-ms="2218" status="PASS">
          <reporter-output>
          </reporter-output>
        </test-method> <!-- tearDown -->
        <test-method is-config="true" signature="afterClass()[pri:0, instance:com.heatclinic.testngtests.LoginTests@23f5b5dc]" started-at="2018-11-02T15:36:12Z" name="afterClass" finished-at="2018-11-02T15:36:12Z" duration-ms="5" status="PASS">
          <reporter-output>
          </reporter-output>
        </test-method> <!-- afterClass -->
      </class> <!-- com.heatclinic.testngtests.LoginTests -->
    </test> <!-- Firefox Browser Test -->
  </suite> <!-- Suite -->
</testng-results>
